\BOOKMARK [1][-]{section.1}{The Prologue}{}% 1
\BOOKMARK [1][-]{section.2}{Topics}{}% 2
\BOOKMARK [1][-]{section.3}{Prerequistes and Definitions}{}% 3
\BOOKMARK [2][-]{subsection.3.1}{Numbers}{section.3}% 4
\BOOKMARK [2][-]{subsection.3.2}{Multiplying Signed Numbers}{section.3}% 5
\BOOKMARK [2][-]{subsection.3.3}{Exponents or Indices}{section.3}% 6
\BOOKMARK [2][-]{subsection.3.4}{Ratio}{section.3}% 7
\BOOKMARK [2][-]{subsection.3.5}{Percentage}{section.3}% 8
\BOOKMARK [2][-]{subsection.3.6}{Absolute Value}{section.3}% 9
\BOOKMARK [1][-]{section.4}{Geometry}{}% 10
\BOOKMARK [2][-]{subsection.4.1}{Lines}{section.4}% 11
\BOOKMARK [2][-]{subsection.4.2}{Intersecting Lines}{section.4}% 12
\BOOKMARK [2][-]{subsection.4.3}{Line intersecting Parallel Lines}{section.4}% 13
\BOOKMARK [2][-]{subsection.4.4}{Four-sided figures}{section.4}% 14
\BOOKMARK [3][-]{subsubsection.4.4.1}{Area of a Rectangle}{subsection.4.4}% 15
\BOOKMARK [3][-]{subsubsection.4.4.2}{Perimeter of a Rectangle}{subsection.4.4}% 16
\BOOKMARK [3][-]{subsubsection.4.4.3}{Square}{subsection.4.4}% 17
\BOOKMARK [3][-]{subsubsection.4.4.4}{Parallelogram}{subsection.4.4}% 18
\BOOKMARK [2][-]{subsection.4.5}{Triangles}{section.4}% 19
\BOOKMARK [3][-]{subsubsection.4.5.1}{Perimeter of a Triangle}{subsection.4.5}% 20
\BOOKMARK [3][-]{subsubsection.4.5.2}{Area of a Triangle}{subsection.4.5}% 21
\BOOKMARK [3][-]{subsubsection.4.5.3}{Angles in a Triangle}{subsection.4.5}% 22
\BOOKMARK [2][-]{subsection.4.6}{Pythagoras Theorem}{section.4}% 23
\BOOKMARK [3][-]{subsubsection.4.6.1}{Also works for the Circle on the Hypoteneuse}{subsection.4.6}% 24
\BOOKMARK [2][-]{subsection.4.7}{Circles}{section.4}% 25
\BOOKMARK [3][-]{subsubsection.4.7.1}{Area of a Circle}{subsection.4.7}% 26
\BOOKMARK [3][-]{subsubsection.4.7.2}{Circumference of a Circle}{subsection.4.7}% 27
\BOOKMARK [2][-]{subsection.4.8}{Sectors of a Circle}{section.4}% 28
\BOOKMARK [3][-]{subsubsection.4.8.1}{Area of a Sector of a Circle}{subsection.4.8}% 29
\BOOKMARK [3][-]{subsubsection.4.8.2}{Circumference of a Sector of a Circle}{subsection.4.8}% 30
\BOOKMARK [2][-]{subsection.4.9}{Polygons}{section.4}% 31
\BOOKMARK [3][-]{subsubsection.4.9.1}{Area of a Polygon}{subsection.4.9}% 32
\BOOKMARK [3][-]{subsubsection.4.9.2}{Perimeter of a Polygon}{subsection.4.9}% 33
\BOOKMARK [3][-]{subsubsection.4.9.3}{Sum of angles of a polygon}{subsection.4.9}% 34
\BOOKMARK [2][-]{subsection.4.10}{Volume and Surface Area}{section.4}% 35
\BOOKMARK [3][-]{subsubsection.4.10.1}{Rectangular Box}{subsection.4.10}% 36
\BOOKMARK [3][-]{subsubsection.4.10.2}{Cylinder}{subsection.4.10}% 37
\BOOKMARK [3][-]{subsubsection.4.10.3}{Sphere}{subsection.4.10}% 38
\BOOKMARK [2][-]{subsection.4.11}{Coordinate Geometry}{section.4}% 39
\BOOKMARK [3][-]{subsubsection.4.11.1}{Plotting a line}{subsection.4.11}% 40
\BOOKMARK [3][-]{subsubsection.4.11.2}{Length of a line between two points on the plane}{subsection.4.11}% 41
\BOOKMARK [3][-]{subsubsection.4.11.3}{Slope of a Line}{subsection.4.11}% 42
\BOOKMARK [3][-]{subsubsection.4.11.4}{Functions}{subsection.4.11}% 43
\BOOKMARK [1][-]{section.5}{Algebra}{}% 44
\BOOKMARK [2][-]{subsection.5.1}{Solve an Equation one Variable}{section.5}% 45
\BOOKMARK [3][-]{subsubsection.5.1.1}{Two Equations with Two Variables}{subsection.5.1}% 46
\BOOKMARK [2][-]{subsection.5.2}{Quadratic Equations}{section.5}% 47
\BOOKMARK [3][-]{subsubsection.5.2.1}{Factoring}{subsection.5.2}% 48
\BOOKMARK [3][-]{subsubsection.5.2.2}{Quadratic Formula}{subsection.5.2}% 49
\BOOKMARK [3][-]{subsubsection.5.2.3}{Completing the Square}{subsection.5.2}% 50
\BOOKMARK [2][-]{subsection.5.3}{Inequalities}{section.5}% 51
\BOOKMARK [3][-]{subsubsection.5.3.1}{Symbols}{subsection.5.3}% 52
\BOOKMARK [1][-]{section.6}{Arithmetic}{}% 53
\BOOKMARK [2][-]{subsection.6.1}{Statistics}{section.6}% 54
\BOOKMARK [3][-]{subsubsection.6.1.1}{Average/Mean}{subsection.6.1}% 55
\BOOKMARK [3][-]{subsubsection.6.1.2}{Median}{subsection.6.1}% 56
\BOOKMARK [3][-]{subsubsection.6.1.3}{Range}{subsection.6.1}% 57
\BOOKMARK [3][-]{subsubsection.6.1.4}{Mode}{subsection.6.1}% 58
\BOOKMARK [3][-]{subsubsection.6.1.5}{Standard Deviation}{subsection.6.1}% 59
\BOOKMARK [3][-]{subsubsection.6.1.6}{Factorials}{subsection.6.1}% 60
\BOOKMARK [3][-]{subsubsection.6.1.7}{Simplifying Factorials}{subsection.6.1}% 61
\BOOKMARK [2][-]{subsection.6.2}{Probability}{section.6}% 62
\BOOKMARK [3][-]{subsubsection.6.2.1}{Probability Arithmetic}{subsection.6.2}% 63
\BOOKMARK [2][-]{subsection.6.3}{Sets}{section.6}% 64
\BOOKMARK [3][-]{subsubsection.6.3.1}{Venn Diagram}{subsection.6.3}% 65
\BOOKMARK [1][-]{section.7}{Colophon}{}% 66
